<?xml version="1.0" encoding="UTF-8"?>
<testng-results ignored="0" total="1" passed="1" failed="0" skipped="0">
  <reporter-output>
  </reporter-output>
  <suite started-at="2023-12-04T13:00:57 IST" name="Default suite" finished-at="2023-12-04T13:01:10 IST" duration-ms="12972">
    <groups>
    </groups>
    <test started-at="2023-12-04T13:00:57 IST" name="Default test" finished-at="2023-12-04T13:01:10 IST" duration-ms="12972">
      <class name="testscripts.scenario1.TC_1">
        <test-method is-config="true" signature="suiteSetup(org.testng.ITestContext)[pri:0, instance:testscripts.scenario1.TC_1@7d8995e]" started-at="2023-12-04T13:00:56 IST" name="suiteSetup" finished-at="2023-12-04T13:00:57 IST" duration-ms="1516" status="PASS">
          <params>
            <param index="0">
              <value>
                <![CDATA[org.testng.TestRunner@40e37b06]]>
              </value>
            </param>
          </params>
          <reporter-output>
          </reporter-output>
        </test-method> <!-- suiteSetup -->
        <test-method is-config="true" signature="testMethodSetup()[pri:0, instance:testscripts.scenario1.TC_1@7d8995e]" started-at="2023-12-04T13:00:57 IST" name="testMethodSetup" finished-at="2023-12-04T13:00:57 IST" duration-ms="2" status="PASS">
          <reporter-output>
          </reporter-output>
        </test-method> <!-- testMethodSetup -->
        <test-method signature="runTC4()[pri:0, instance:testscripts.scenario1.TC_1@7d8995e]" started-at="2023-12-04T13:00:57 IST" name="runTC4" finished-at="2023-12-04T13:01:10 IST" duration-ms="12847" status="PASS">
          <reporter-output>
          </reporter-output>
        </test-method> <!-- runTC4 -->
        <test-method is-config="true" signature="testMethodTearDown()[pri:0, instance:testscripts.scenario1.TC_1@7d8995e]" started-at="2023-12-04T13:01:10 IST" name="testMethodTearDown" finished-at="2023-12-04T13:01:10 IST" duration-ms="88" status="PASS">
          <reporter-output>
          </reporter-output>
        </test-method> <!-- testMethodTearDown -->
        <test-method is-config="true" signature="suiteTearDown()[pri:0, instance:testscripts.scenario1.TC_1@7d8995e]" started-at="2023-12-04T13:01:10 IST" name="suiteTearDown" finished-at="2023-12-04T13:01:11 IST" duration-ms="533" status="PASS">
          <reporter-output>
          </reporter-output>
        </test-method> <!-- suiteTearDown -->
      </class> <!-- testscripts.scenario1.TC_1 -->
    </test> <!-- Default test -->
  </suite> <!-- Default suite -->
</testng-results>
